<testsuite failures="2" name="com/api/automation/getrequest/responseMatcher.feature" skipped="0" tests="4" time="0.826444">
  <testcase classname="com.api.automation.getrequest.responseMatcher" name="To get the data in JSON format with complete match validation on response" time="0.57729">
    <failure message="responseMatcher.feature:20 - path: $, actual: [{&quot;jobId&quot;:1,&quot;jobTitle&quot;:&quot;Software Engg&quot;,&quot;project&quot;:[{&quot;technology&quot;:[&quot;Kotlin&quot;,&quot;SQL Lite&quot;,&quot;Gradle&quot;],&quot;projectName&quot;:&quot;Movie App&quot;}],&quot;jobDescription&quot;:&quot;To develop andriod application&quot;,&quot;experience&quot;:[&quot;Google&quot;,&quot;Apple&quot;,&quot;Mobile Iron&quot;]},{&quot;jobId&quot;:17,&quot;jobTitle&quot;:&quot;Software Engineering&quot;,&quot;project&quot;:[{&quot;technology&quot;:[&quot;Kotlin&quot;,&quot;SQL Lite&quot;,&quot;Gradle&quot;],&quot;projectName&quot;:&quot;Movie App&quot;}],&quot;jobDescription&quot;:&quot;To develop andriod application&quot;,&quot;experience&quot;:[&quot;Google&quot;,&quot;Apple&quot;,&quot;Mobile Iron&quot;]},{&quot;jobId&quot;:91,&quot;jobTitle&quot;:&quot;Software Engineering&quot;,&quot;project&quot;:[{&quot;technology&quot;:[&quot;Kotlin&quot;,&quot;SQL Lite&quot;,&quot;Gradle&quot;],&quot;projectName&quot;:&quot;Movie App&quot;}],&quot;jobDescription&quot;:&quot;To develop android and iOS applications&quot;,&quot;experience&quot;:[&quot;Google&quot;,&quot;Apple&quot;,&quot;Mobile Iron&quot;]},{&quot;jobId&quot;:1,&quot;jobTitle&quot;:&quot;Software Engg&quot;,&quot;project&quot;:[{&quot;technology&quot;:[&quot;Kotlin&quot;,&quot;SQL Lite&quot;,&quot;Gradle&quot;],&quot;projectName&quot;:&quot;Movie App&quot;}],&quot;jobDescription&quot;:&quot;To develop andriod application&quot;,&quot;experience&quot;:[&quot;Google&quot;,&quot;Apple&quot;,&quot;Mobile Iron&quot;]},{&quot;jobId&quot;:54,&quot;jobTitle&quot;:&quot;Software Engineering&quot;,&quot;project&quot;:[{&quot;technology&quot;:[&quot;Kotlin&quot;,&quot;SQL Lite&quot;,&quot;Gradle&quot;],&quot;projectName&quot;:&quot;Movie App&quot;}],&quot;jobDescription&quot;:&quot;To develop andriod application&quot;,&quot;experience&quot;:[&quot;Google&quot;,&quot;Apple&quot;,&quot;Mobile Iron&quot;]},{&quot;jobId&quot;:76,&quot;jobTitle&quot;:&quot;Software Engineering&quot;,&quot;project&quot;:[{&quot;technology&quot;:[&quot;Kotlin&quot;,&quot;SQL Lite&quot;,&quot;Gradle&quot;],&quot;projectName&quot;:&quot;Movie App&quot;}],&quot;jobDescription&quot;:&quot;To develop Android and iOS applications&quot;,&quot;experience&quot;:[&quot;Google&quot;,&quot;Apple&quot;,&quot;Mobile Iron&quot;]},{&quot;jobId&quot;:1,&quot;jobTitle&quot;:&quot;Software Engg&quot;,&quot;project&quot;:[{&quot;technology&quot;:[&quot;Kotlin&quot;,&quot;SQL Lite&quot;,&quot;Gradle&quot;],&quot;projectName&quot;:&quot;Movie App&quot;}],&quot;jobDescription&quot;:&quot;To develop andriod application&quot;,&quot;experience&quot;:[&quot;Google&quot;,&quot;Apple&quot;,&quot;Mobile Iron&quot;]},{&quot;jobId&quot;:1,&quot;jobTitle&quot;:&quot;Software Engg&quot;,&quot;project&quot;:[{&quot;technology&quot;:[&quot;Kotlin&quot;,&quot;SQL Lite&quot;,&quot;Gradle&quot;],&quot;projectName&quot;:&quot;Movie App&quot;}],&quot;jobDescription&quot;:&quot;To develop andriod application&quot;,&quot;experience&quot;:[&quot;Google&quot;,&quot;Apple&quot;,&quot;Mobile Iron&quot;]},{&quot;jobId&quot;:1,&quot;jobTitle&quot;:&quot;Software Engg&quot;,&quot;project&quot;:[{&quot;technology&quot;:[&quot;Kotlin&quot;,&quot;SQL Lite&quot;,&quot;Gradle&quot;],&quot;projectName&quot;:&quot;Movie App&quot;}],&quot;jobDescription&quot;:&quot;To develop andriod application&quot;,&quot;experience&quot;:[&quot;Google&quot;,&quot;Apple&quot;,&quot;Mobile Iron&quot;]},{&quot;jobId&quot;:1,&quot;jobTitle&quot;:&quot;Software Engg&quot;,&quot;project&quot;:[{&quot;technology&quot;:[&quot;Kotlin&quot;,&quot;SQL Lite&quot;,&quot;Gradle&quot;],&quot;projectName&quot;:&quot;Movie App&quot;}],&quot;jobDescription&quot;:&quot;To develop andriod application&quot;,&quot;experience&quot;:[&quot;Google&quot;,&quot;Apple&quot;,&quot;Mobile Iron&quot;]},{&quot;jobId&quot;:65,&quot;jobTitle&quot;:&quot;Software Engg&quot;,&quot;project&quot;:[{&quot;technology&quot;:[&quot;Kotlin&quot;,&quot;SQL Lite&quot;,&quot;Gradle&quot;],&quot;projectName&quot;:&quot;Movie App&quot;}],&quot;jobDescription&quot;:&quot;To develop andriod application&quot;,&quot;experience&quot;:[&quot;Google&quot;,&quot;Apple&quot;,&quot;Mobile Iron&quot;]},{&quot;jobId&quot;:2,&quot;jobTitle&quot;:&quot;Software Engg&quot;,&quot;project&quot;:[{&quot;technology&quot;:[&quot;Kotlin&quot;,&quot;SQL Lite&quot;,&quot;Gradle&quot;],&quot;projectName&quot;:&quot;Movie App&quot;}],&quot;jobDescription&quot;:&quot;To develop andriod application&quot;,&quot;experience&quot;:[&quot;Google&quot;,&quot;Apple&quot;,&quot;Mobile Iron&quot;]},{&quot;jobId&quot;:1,&quot;jobTitle&quot;:&quot;Software Engg&quot;,&quot;project&quot;:[{&quot;technology&quot;:[&quot;Kotlin&quot;,&quot;SQL Lite&quot;,&quot;Gradle&quot;],&quot;projectName&quot;:&quot;Movie App&quot;}],&quot;jobDescription&quot;:&quot;To develop andriod application&quot;,&quot;experience&quot;:[&quot;Google&quot;,&quot;Apple&quot;,&quot;Mobile Iron&quot;]},{&quot;jobId&quot;:1,&quot;jobTitle&quot;:&quot;Software Engg&quot;,&quot;project&quot;:[{&quot;technology&quot;:[&quot;Kotlin&quot;,&quot;SQL Lite&quot;,&quot;Gradle&quot;],&quot;projectName&quot;:&quot;Movie App&quot;}],&quot;jobDescription&quot;:&quot;To develop andriod application&quot;,&quot;experience&quot;:[&quot;Google&quot;,&quot;Apple&quot;,&quot;Mobile Iron&quot;]},{&quot;jobId&quot;:1,&quot;jobTitle&quot;:&quot;Software Engg&quot;,&quot;project&quot;:[{&quot;technology&quot;:[&quot;Kotlin&quot;,&quot;SQL Lite&quot;,&quot;Gradle&quot;],&quot;projectName&quot;:&quot;Movie App&quot;}],&quot;jobDescription&quot;:&quot;To develop andriod application&quot;,&quot;experience&quot;:[&quot;Google&quot;,&quot;Apple&quot;,&quot;Mobile Iron&quot;]},{&quot;jobId&quot;:1,&quot;jobTitle&quot;:&quot;Software Engg&quot;,&quot;project&quot;:[{&quot;technology&quot;:[&quot;Kotlin&quot;,&quot;SQL Lite&quot;,&quot;Gradle&quot;],&quot;projectName&quot;:&quot;Movie App&quot;}],&quot;jobDescription&quot;:&quot;To develop andriod application&quot;,&quot;experience&quot;:[&quot;Google&quot;,&quot;Apple&quot;,&quot;Mobile Iron&quot;]},{&quot;jobId&quot;:1,&quot;jobTitle&quot;:&quot;Software Engg&quot;,&quot;project&quot;:[{&quot;technology&quot;:[&quot;Kotlin&quot;,&quot;SQL Lite&quot;,&quot;Gradle&quot;],&quot;projectName&quot;:&quot;Movie App&quot;}],&quot;jobDescription&quot;:&quot;To develop andriod application&quot;,&quot;experience&quot;:[&quot;Google&quot;,&quot;Apple&quot;,&quot;Mobile Iron&quot;]},{&quot;jobId&quot;:1,&quot;jobTitle&quot;:&quot;Software Engg&quot;,&quot;project&quot;:[{&quot;technology&quot;:[&quot;Kotlin&quot;,&quot;SQL Lite&quot;,&quot;Gradle&quot;],&quot;projectName&quot;:&quot;Movie App&quot;}],&quot;jobDescription&quot;:&quot;To develop andriod application&quot;,&quot;experience&quot;:[&quot;Google&quot;,&quot;Apple&quot;,&quot;Mobile Iron&quot;]},{&quot;jobId&quot;:10,&quot;jobTitle&quot;:&quot;Software Engineering Role&quot;,&quot;project&quot;:[{&quot;technology&quot;:[&quot;Kotlin&quot;,&quot;SQL Lite&quot;,&quot;Gradle&quot;],&quot;projectName&quot;:&quot;Movie App&quot;},{&quot;technology&quot;:[&quot;Kotlin2&quot;,&quot;SQL Lite2&quot;,&quot;Gradle2&quot;],&quot;projectName&quot;:&quot;Movie App2&quot;}],&quot;jobDescription&quot;:&quot;To develop andriod application&quot;,&quot;experience&quot;:[&quot;Google&quot;,&quot;Apple&quot;,&quot;Mobile Iron&quot;]},{&quot;jobId&quot;:25,&quot;jobTitle&quot;:&quot;Software Engineering Role&quot;,&quot;project&quot;:[{&quot;technology&quot;:[&quot;Kotlin&quot;,&quot;SQL Lite&quot;,&quot;Gradle&quot;],&quot;projectName&quot;:&quot;Movie App&quot;},{&quot;technology&quot;:[&quot;Kotlin2&quot;,&quot;SQL Lite2&quot;,&quot;Gradle2&quot;],&quot;projectName&quot;:&quot;Movie App2&quot;}],&quot;jobDescription&quot;:&quot;To develop andriod application&quot;,&quot;experience&quot;:[&quot;Google&quot;,&quot;Apple&quot;,&quot;Mobile Iron&quot;]},{&quot;jobId&quot;:15,&quot;jobTitle&quot;:&quot;Software Engineering&quot;,&quot;project&quot;:[{&quot;technology&quot;:[&quot;Kotlin&quot;,&quot;SQL Lite&quot;,&quot;Gradle&quot;],&quot;projectName&quot;:&quot;Movie App&quot;}],&quot;jobDescription&quot;:&quot;To develop android and iOS applications&quot;,&quot;experience&quot;:[&quot;Google&quot;,&quot;Apple&quot;,&quot;Mobile Iron&quot;]},{&quot;jobId&quot;:34,&quot;jobTitle&quot;:&quot;Software Engineering&quot;,&quot;project&quot;:[{&quot;technology&quot;:[&quot;Kotlin&quot;,&quot;SQL Lite&quot;,&quot;Gradle&quot;],&quot;projectName&quot;:&quot;Movie App&quot;}],&quot;jobDescription&quot;:&quot;To develop android and iOS applications&quot;,&quot;experience&quot;:[&quot;Google&quot;,&quot;Apple&quot;,&quot;Mobile Iron&quot;]},{&quot;jobId&quot;:49,&quot;jobTitle&quot;:&quot;Software Engineering Role 2.0&quot;,&quot;project&quot;:[{&quot;technology&quot;:[&quot;Kotlin&quot;,&quot;SQL Lite&quot;,&quot;Gradle&quot;],&quot;projectName&quot;:&quot;Movie App&quot;},{&quot;technology&quot;:[&quot;Kotlin2&quot;,&quot;SQL Lite2&quot;,&quot;Gradle2&quot;],&quot;projectName&quot;:&quot;Movie App2&quot;}],&quot;jobDescription&quot;:&quot;To develop andriod application&quot;,&quot;experience&quot;:[&quot;Google&quot;,&quot;Apple&quot;,&quot;Mobile Iron&quot;]},{&quot;jobId&quot;:69,&quot;jobTitle&quot;:&quot;Software Engineering Role&quot;,&quot;project&quot;:[{&quot;technology&quot;:[&quot;Kotlin&quot;,&quot;SQL Lite&quot;,&quot;Gradle&quot;],&quot;projectName&quot;:&quot;Movie App&quot;},{&quot;technology&quot;:[&quot;Kotlin2&quot;,&quot;SQL Lite2&quot;,&quot;Gradle2&quot;],&quot;projectName&quot;:&quot;Movie App2&quot;}],&quot;jobDescription&quot;:&quot;To develop andriod application&quot;,&quot;experience&quot;:[&quot;Google&quot;,&quot;Apple&quot;,&quot;Mobile Iron&quot;]},{&quot;jobId&quot;:7,&quot;jobTitle&quot;:&quot;Software Engineering Role&quot;,&quot;project&quot;:[{&quot;technology&quot;:[&quot;Kotlin&quot;,&quot;SQL Lite&quot;,&quot;Gradle&quot;],&quot;projectName&quot;:&quot;Movie App&quot;},{&quot;technology&quot;:[&quot;Kotlin2&quot;,&quot;SQL Lite2&quot;,&quot;Gradle2&quot;],&quot;projectName&quot;:&quot;Movie App2&quot;}],&quot;jobDescription&quot;:&quot;To develop andriod application&quot;,&quot;experience&quot;:[&quot;Google&quot;,&quot;Apple&quot;,&quot;Mobile Iron&quot;]}], expected: [{&quot;jobId&quot;:1,&quot;jobTitle&quot;:&quot;Software Engg&quot;,&quot;project&quot;:[{&quot;technology&quot;:[&quot;Kotlin&quot;,&quot;SQL Lite&quot;,&quot;Gradle&quot;],&quot;projectName&quot;:&quot;Movie App&quot;}],&quot;jobDescription&quot;:&quot;To develop andriod application&quot;,&quot;experience&quot;:[&quot;Google&quot;,&quot;Apple&quot;,&quot;Mobile Iron&quot;]}], reason: actual and expected arrays are not the same size - 25:1">Given url 'http://localhost:9897' ......................................... passed
Given path '/normal/webapi/all' ........................................... passed
And header Accept = 'application/json' .................................... passed
When method get ........................................................... passed
Then status 200 ........................................................... passed
And print response ........................................................ passed
And match response == ..................................................... failed

Stack Trace:
com.intuit.karate.exception.KarateException: responseMatcher.feature:20 - path: $, actual: [{"jobId":1,"jobTitle":"Software Engg","project":[{"technology":["Kotlin","SQL Lite","Gradle"],"projectName":"Movie App"}],"jobDescription":"To develop andriod application","experience":["Google","Apple","Mobile Iron"]},{"jobId":17,"jobTitle":"Software Engineering","project":[{"technology":["Kotlin","SQL Lite","Gradle"],"projectName":"Movie App"}],"jobDescription":"To develop andriod application","experience":["Google","Apple","Mobile Iron"]},{"jobId":91,"jobTitle":"Software Engineering","project":[{"technology":["Kotlin","SQL Lite","Gradle"],"projectName":"Movie App"}],"jobDescription":"To develop android and iOS applications","experience":["Google","Apple","Mobile Iron"]},{"jobId":1,"jobTitle":"Software Engg","project":[{"technology":["Kotlin","SQL Lite","Gradle"],"projectName":"Movie App"}],"jobDescription":"To develop andriod application","experience":["Google","Apple","Mobile Iron"]},{"jobId":54,"jobTitle":"Software Engineering","project":[{"technology":["Kotlin","SQL Lite","Gradle"],"projectName":"Movie App"}],"jobDescription":"To develop andriod application","experience":["Google","Apple","Mobile Iron"]},{"jobId":76,"jobTitle":"Software Engineering","project":[{"technology":["Kotlin","SQL Lite","Gradle"],"projectName":"Movie App"}],"jobDescription":"To develop Android and iOS applications","experience":["Google","Apple","Mobile Iron"]},{"jobId":1,"jobTitle":"Software Engg","project":[{"technology":["Kotlin","SQL Lite","Gradle"],"projectName":"Movie App"}],"jobDescription":"To develop andriod application","experience":["Google","Apple","Mobile Iron"]},{"jobId":1,"jobTitle":"Software Engg","project":[{"technology":["Kotlin","SQL Lite","Gradle"],"projectName":"Movie App"}],"jobDescription":"To develop andriod application","experience":["Google","Apple","Mobile Iron"]},{"jobId":1,"jobTitle":"Software Engg","project":[{"technology":["Kotlin","SQL Lite","Gradle"],"projectName":"Movie App"}],"jobDescription":"To develop andriod application","experience":["Google","Apple","Mobile Iron"]},{"jobId":1,"jobTitle":"Software Engg","project":[{"technology":["Kotlin","SQL Lite","Gradle"],"projectName":"Movie App"}],"jobDescription":"To develop andriod application","experience":["Google","Apple","Mobile Iron"]},{"jobId":65,"jobTitle":"Software Engg","project":[{"technology":["Kotlin","SQL Lite","Gradle"],"projectName":"Movie App"}],"jobDescription":"To develop andriod application","experience":["Google","Apple","Mobile Iron"]},{"jobId":2,"jobTitle":"Software Engg","project":[{"technology":["Kotlin","SQL Lite","Gradle"],"projectName":"Movie App"}],"jobDescription":"To develop andriod application","experience":["Google","Apple","Mobile Iron"]},{"jobId":1,"jobTitle":"Software Engg","project":[{"technology":["Kotlin","SQL Lite","Gradle"],"projectName":"Movie App"}],"jobDescription":"To develop andriod application","experience":["Google","Apple","Mobile Iron"]},{"jobId":1,"jobTitle":"Software Engg","project":[{"technology":["Kotlin","SQL Lite","Gradle"],"projectName":"Movie App"}],"jobDescription":"To develop andriod application","experience":["Google","Apple","Mobile Iron"]},{"jobId":1,"jobTitle":"Software Engg","project":[{"technology":["Kotlin","SQL Lite","Gradle"],"projectName":"Movie App"}],"jobDescription":"To develop andriod application","experience":["Google","Apple","Mobile Iron"]},{"jobId":1,"jobTitle":"Software Engg","project":[{"technology":["Kotlin","SQL Lite","Gradle"],"projectName":"Movie App"}],"jobDescription":"To develop andriod application","experience":["Google","Apple","Mobile Iron"]},{"jobId":1,"jobTitle":"Software Engg","project":[{"technology":["Kotlin","SQL Lite","Gradle"],"projectName":"Movie App"}],"jobDescription":"To develop andriod application","experience":["Google","Apple","Mobile Iron"]},{"jobId":1,"jobTitle":"Software Engg","project":[{"technology":["Kotlin","SQL Lite","Gradle"],"projectName":"Movie App"}],"jobDescription":"To develop andriod application","experience":["Google","Apple","Mobile Iron"]},{"jobId":10,"jobTitle":"Software Engineering Role","project":[{"technology":["Kotlin","SQL Lite","Gradle"],"projectName":"Movie App"},{"technology":["Kotlin2","SQL Lite2","Gradle2"],"projectName":"Movie App2"}],"jobDescription":"To develop andriod application","experience":["Google","Apple","Mobile Iron"]},{"jobId":25,"jobTitle":"Software Engineering Role","project":[{"technology":["Kotlin","SQL Lite","Gradle"],"projectName":"Movie App"},{"technology":["Kotlin2","SQL Lite2","Gradle2"],"projectName":"Movie App2"}],"jobDescription":"To develop andriod application","experience":["Google","Apple","Mobile Iron"]},{"jobId":15,"jobTitle":"Software Engineering","project":[{"technology":["Kotlin","SQL Lite","Gradle"],"projectName":"Movie App"}],"jobDescription":"To develop android and iOS applications","experience":["Google","Apple","Mobile Iron"]},{"jobId":34,"jobTitle":"Software Engineering","project":[{"technology":["Kotlin","SQL Lite","Gradle"],"projectName":"Movie App"}],"jobDescription":"To develop android and iOS applications","experience":["Google","Apple","Mobile Iron"]},{"jobId":49,"jobTitle":"Software Engineering Role 2.0","project":[{"technology":["Kotlin","SQL Lite","Gradle"],"projectName":"Movie App"},{"technology":["Kotlin2","SQL Lite2","Gradle2"],"projectName":"Movie App2"}],"jobDescription":"To develop andriod application","experience":["Google","Apple","Mobile Iron"]},{"jobId":69,"jobTitle":"Software Engineering Role","project":[{"technology":["Kotlin","SQL Lite","Gradle"],"projectName":"Movie App"},{"technology":["Kotlin2","SQL Lite2","Gradle2"],"projectName":"Movie App2"}],"jobDescription":"To develop andriod application","experience":["Google","Apple","Mobile Iron"]},{"jobId":7,"jobTitle":"Software Engineering Role","project":[{"technology":["Kotlin","SQL Lite","Gradle"],"projectName":"Movie App"},{"technology":["Kotlin2","SQL Lite2","Gradle2"],"projectName":"Movie App2"}],"jobDescription":"To develop andriod application","experience":["Google","Apple","Mobile Iron"]}], expected: [{"jobId":1,"jobTitle":"Software Engg","project":[{"technology":["Kotlin","SQL Lite","Gradle"],"projectName":"Movie App"}],"jobDescription":"To develop andriod application","experience":["Google","Apple","Mobile Iron"]}], reason: actual and expected arrays are not the same size - 25:1&#13;
	at ✽.And match response == (responseMatcher.feature:20)</failure>
  </testcase>
  <testcase classname="com.api.automation.getrequest.responseMatcher" name="To get the data in XML format with complete match validation on response" time="0.218829">
    <failure message="responseMatcher.feature:53 - path: /List/item, actual: [{jobId=1, jobTitle=Software Engg, jobDescription=To develop andriod application, experience={experience=[Google, Apple, Mobile Iron]}, project={project={projectName=Movie App, technology={technology=[Kotlin, SQL Lite, Gradle]}}}}, {jobId=17, jobTitle=Software Engineering, jobDescription=To develop andriod application, experience={experience=[Google, Apple, Mobile Iron]}, project={project={projectName=Movie App, technology={technology=[Kotlin, SQL Lite, Gradle]}}}}, {jobId=91, jobTitle=Software Engineering, jobDescription=To develop android and iOS applications, experience={experience=[Google, Apple, Mobile Iron]}, project={project={projectName=Movie App, technology={technology=[Kotlin, SQL Lite, Gradle]}}}}, {jobId=1, jobTitle=Software Engg, jobDescription=To develop andriod application, experience={experience=[Google, Apple, Mobile Iron]}, project={project={projectName=Movie App, technology={technology=[Kotlin, SQL Lite, Gradle]}}}}, {jobId=54, jobTitle=Software Engineering, jobDescription=To develop andriod application, experience={experience=[Google, Apple, Mobile Iron]}, project={project={projectName=Movie App, technology={technology=[Kotlin, SQL Lite, Gradle]}}}}, {jobId=76, jobTitle=Software Engineering, jobDescription=To develop Android and iOS applications, experience={experience=[Google, Apple, Mobile Iron]}, project={project={projectName=Movie App, technology={technology=[Kotlin, SQL Lite, Gradle]}}}}, {jobId=1, jobTitle=Software Engg, jobDescription=To develop andriod application, experience={experience=[Google, Apple, Mobile Iron]}, project={project={projectName=Movie App, technology={technology=[Kotlin, SQL Lite, Gradle]}}}}, {jobId=1, jobTitle=Software Engg, jobDescription=To develop andriod application, experience={experience=[Google, Apple, Mobile Iron]}, project={project={projectName=Movie App, technology={technology=[Kotlin, SQL Lite, Gradle]}}}}, {jobId=1, jobTitle=Software Engg, jobDescription=To develop andriod application, experience={experience=[Google, Apple, Mobile Iron]}, project={project={projectName=Movie App, technology={technology=[Kotlin, SQL Lite, Gradle]}}}}, {jobId=1, jobTitle=Software Engg, jobDescription=To develop andriod application, experience={experience=[Google, Apple, Mobile Iron]}, project={project={projectName=Movie App, technology={technology=[Kotlin, SQL Lite, Gradle]}}}}, {jobId=65, jobTitle=Software Engg, jobDescription=To develop andriod application, experience={experience=[Google, Apple, Mobile Iron]}, project={project={projectName=Movie App, technology={technology=[Kotlin, SQL Lite, Gradle]}}}}, {jobId=2, jobTitle=Software Engg, jobDescription=To develop andriod application, experience={experience=[Google, Apple, Mobile Iron]}, project={project={projectName=Movie App, technology={technology=[Kotlin, SQL Lite, Gradle]}}}}, {jobId=1, jobTitle=Software Engg, jobDescription=To develop andriod application, experience={experience=[Google, Apple, Mobile Iron]}, project={project={projectName=Movie App, technology={technology=[Kotlin, SQL Lite, Gradle]}}}}, {jobId=1, jobTitle=Software Engg, jobDescription=To develop andriod application, experience={experience=[Google, Apple, Mobile Iron]}, project={project={projectName=Movie App, technology={technology=[Kotlin, SQL Lite, Gradle]}}}}, {jobId=1, jobTitle=Software Engg, jobDescription=To develop andriod application, experience={experience=[Google, Apple, Mobile Iron]}, project={project={projectName=Movie App, technology={technology=[Kotlin, SQL Lite, Gradle]}}}}, {jobId=1, jobTitle=Software Engg, jobDescription=To develop andriod application, experience={experience=[Google, Apple, Mobile Iron]}, project={project={projectName=Movie App, technology={technology=[Kotlin, SQL Lite, Gradle]}}}}, {jobId=1, jobTitle=Software Engg, jobDescription=To develop andriod application, experience={experience=[Google, Apple, Mobile Iron]}, project={project={projectName=Movie App, technology={technology=[Kotlin, SQL Lite, Gradle]}}}}, {jobId=1, jobTitle=Software Engg, jobDescription=To develop andriod application, experience={experience=[Google, Apple, Mobile Iron]}, project={project={projectName=Movie App, technology={technology=[Kotlin, SQL Lite, Gradle]}}}}, {jobId=10, jobTitle=Software Engineering Role, jobDescription=To develop andriod application, experience={experience=[Google, Apple, Mobile Iron]}, project={project=[{projectName=Movie App, technology={technology=[Kotlin, SQL Lite, Gradle]}}, {projectName=Movie App2, technology={technology=[Kotlin2, SQL Lite2, Gradle2]}}]}}, {jobId=25, jobTitle=Software Engineering Role, jobDescription=To develop andriod application, experience={experience=[Google, Apple, Mobile Iron]}, project={project=[{projectName=Movie App, technology={technology=[Kotlin, SQL Lite, Gradle]}}, {projectName=Movie App2, technology={technology=[Kotlin2, SQL Lite2, Gradle2]}}]}}, {jobId=15, jobTitle=Software Engineering, jobDescription=To develop android and iOS applications, experience={experience=[Google, Apple, Mobile Iron]}, project={project={projectName=Movie App, technology={technology=[Kotlin, SQL Lite, Gradle]}}}}, {jobId=34, jobTitle=Software Engineering, jobDescription=To develop android and iOS applications, experience={experience=[Google, Apple, Mobile Iron]}, project={project={projectName=Movie App, technology={technology=[Kotlin, SQL Lite, Gradle]}}}}, {jobId=49, jobTitle=Software Engineering Role 2.0, jobDescription=To develop andriod application, experience={experience=[Google, Apple, Mobile Iron]}, project={project=[{projectName=Movie App, technology={technology=[Kotlin, SQL Lite, Gradle]}}, {projectName=Movie App2, technology={technology=[Kotlin2, SQL Lite2, Gradle2]}}]}}, {jobId=69, jobTitle=Software Engineering Role, jobDescription=To develop andriod application, experience={experience=[Google, Apple, Mobile Iron]}, project={project=[{projectName=Movie App, technology={technology=[Kotlin, SQL Lite, Gradle]}}, {projectName=Movie App2, technology={technology=[Kotlin2, SQL Lite2, Gradle2]}}]}}, {jobId=7, jobTitle=Software Engineering Role, jobDescription=To develop andriod application, experience={experience=[Google, Apple, Mobile Iron]}, project={project=[{projectName=Movie App, technology={technology=[Kotlin, SQL Lite, Gradle]}}, {projectName=Movie App2, technology={technology=[Kotlin2, SQL Lite2, Gradle2]}}]}}, {jobId=91, jobTitle=Software Engineering, jobDescription=To develop andriod application, experience={experience=[Google, Apple, Mobile Iron]}, project={project={projectName=Movie App, technology={technology=[Kotlin, SQL Lite, Gradle]}}}}], expected: '&lt;item&gt;&lt;jobId&gt;1&lt;/jobId&gt;&lt;jobTitle&gt;Software Engg&lt;/jobTitle&gt;&lt;jobDescription&gt;To develop andriod application&lt;/jobDescription&gt;&lt;experience&gt;&lt;experience&gt;Google&lt;/experience&gt;&lt;experience&gt;Apple&lt;/experience&gt;&lt;experience&gt;Mobile Iron&lt;/experience&gt;&lt;/experience&gt;&lt;project&gt;&lt;project&gt;&lt;projectName&gt;Movie App&lt;/projectName&gt;&lt;technology&gt;&lt;technology&gt;Kotlin&lt;/technology&gt;&lt;technology&gt;SQL Lite&lt;/technology&gt;&lt;technology&gt;Gradle&lt;/technology&gt;&lt;/technology&gt;&lt;/project&gt;&lt;/project&gt;&lt;/item&gt;', reason: actual value is not map-like">Given url 'http://localhost:9897' ......................................... passed
Given path '/normal/webapi/all' ........................................... passed
And header Accept = 'application/json' .................................... passed
When method get ........................................................... passed
Then status 200 ........................................................... passed
And print response ........................................................ passed
And match response == ..................................................... failed

Stack Trace:
com.intuit.karate.exception.KarateException: responseMatcher.feature:20 - path: $, actual: [{"jobId":1,"jobTitle":"Software Engg","project":[{"technology":["Kotlin","SQL Lite","Gradle"],"projectName":"Movie App"}],"jobDescription":"To develop andriod application","experience":["Google","Apple","Mobile Iron"]},{"jobId":17,"jobTitle":"Software Engineering","project":[{"technology":["Kotlin","SQL Lite","Gradle"],"projectName":"Movie App"}],"jobDescription":"To develop andriod application","experience":["Google","Apple","Mobile Iron"]},{"jobId":91,"jobTitle":"Software Engineering","project":[{"technology":["Kotlin","SQL Lite","Gradle"],"projectName":"Movie App"}],"jobDescription":"To develop android and iOS applications","experience":["Google","Apple","Mobile Iron"]},{"jobId":1,"jobTitle":"Software Engg","project":[{"technology":["Kotlin","SQL Lite","Gradle"],"projectName":"Movie App"}],"jobDescription":"To develop andriod application","experience":["Google","Apple","Mobile Iron"]},{"jobId":54,"jobTitle":"Software Engineering","project":[{"technology":["Kotlin","SQL Lite","Gradle"],"projectName":"Movie App"}],"jobDescription":"To develop andriod application","experience":["Google","Apple","Mobile Iron"]},{"jobId":76,"jobTitle":"Software Engineering","project":[{"technology":["Kotlin","SQL Lite","Gradle"],"projectName":"Movie App"}],"jobDescription":"To develop Android and iOS applications","experience":["Google","Apple","Mobile Iron"]},{"jobId":1,"jobTitle":"Software Engg","project":[{"technology":["Kotlin","SQL Lite","Gradle"],"projectName":"Movie App"}],"jobDescription":"To develop andriod application","experience":["Google","Apple","Mobile Iron"]},{"jobId":1,"jobTitle":"Software Engg","project":[{"technology":["Kotlin","SQL Lite","Gradle"],"projectName":"Movie App"}],"jobDescription":"To develop andriod application","experience":["Google","Apple","Mobile Iron"]},{"jobId":1,"jobTitle":"Software Engg","project":[{"technology":["Kotlin","SQL Lite","Gradle"],"projectName":"Movie App"}],"jobDescription":"To develop andriod application","experience":["Google","Apple","Mobile Iron"]},{"jobId":1,"jobTitle":"Software Engg","project":[{"technology":["Kotlin","SQL Lite","Gradle"],"projectName":"Movie App"}],"jobDescription":"To develop andriod application","experience":["Google","Apple","Mobile Iron"]},{"jobId":65,"jobTitle":"Software Engg","project":[{"technology":["Kotlin","SQL Lite","Gradle"],"projectName":"Movie App"}],"jobDescription":"To develop andriod application","experience":["Google","Apple","Mobile Iron"]},{"jobId":2,"jobTitle":"Software Engg","project":[{"technology":["Kotlin","SQL Lite","Gradle"],"projectName":"Movie App"}],"jobDescription":"To develop andriod application","experience":["Google","Apple","Mobile Iron"]},{"jobId":1,"jobTitle":"Software Engg","project":[{"technology":["Kotlin","SQL Lite","Gradle"],"projectName":"Movie App"}],"jobDescription":"To develop andriod application","experience":["Google","Apple","Mobile Iron"]},{"jobId":1,"jobTitle":"Software Engg","project":[{"technology":["Kotlin","SQL Lite","Gradle"],"projectName":"Movie App"}],"jobDescription":"To develop andriod application","experience":["Google","Apple","Mobile Iron"]},{"jobId":1,"jobTitle":"Software Engg","project":[{"technology":["Kotlin","SQL Lite","Gradle"],"projectName":"Movie App"}],"jobDescription":"To develop andriod application","experience":["Google","Apple","Mobile Iron"]},{"jobId":1,"jobTitle":"Software Engg","project":[{"technology":["Kotlin","SQL Lite","Gradle"],"projectName":"Movie App"}],"jobDescription":"To develop andriod application","experience":["Google","Apple","Mobile Iron"]},{"jobId":1,"jobTitle":"Software Engg","project":[{"technology":["Kotlin","SQL Lite","Gradle"],"projectName":"Movie App"}],"jobDescription":"To develop andriod application","experience":["Google","Apple","Mobile Iron"]},{"jobId":1,"jobTitle":"Software Engg","project":[{"technology":["Kotlin","SQL Lite","Gradle"],"projectName":"Movie App"}],"jobDescription":"To develop andriod application","experience":["Google","Apple","Mobile Iron"]},{"jobId":10,"jobTitle":"Software Engineering Role","project":[{"technology":["Kotlin","SQL Lite","Gradle"],"projectName":"Movie App"},{"technology":["Kotlin2","SQL Lite2","Gradle2"],"projectName":"Movie App2"}],"jobDescription":"To develop andriod application","experience":["Google","Apple","Mobile Iron"]},{"jobId":25,"jobTitle":"Software Engineering Role","project":[{"technology":["Kotlin","SQL Lite","Gradle"],"projectName":"Movie App"},{"technology":["Kotlin2","SQL Lite2","Gradle2"],"projectName":"Movie App2"}],"jobDescription":"To develop andriod application","experience":["Google","Apple","Mobile Iron"]},{"jobId":15,"jobTitle":"Software Engineering","project":[{"technology":["Kotlin","SQL Lite","Gradle"],"projectName":"Movie App"}],"jobDescription":"To develop android and iOS applications","experience":["Google","Apple","Mobile Iron"]},{"jobId":34,"jobTitle":"Software Engineering","project":[{"technology":["Kotlin","SQL Lite","Gradle"],"projectName":"Movie App"}],"jobDescription":"To develop android and iOS applications","experience":["Google","Apple","Mobile Iron"]},{"jobId":49,"jobTitle":"Software Engineering Role 2.0","project":[{"technology":["Kotlin","SQL Lite","Gradle"],"projectName":"Movie App"},{"technology":["Kotlin2","SQL Lite2","Gradle2"],"projectName":"Movie App2"}],"jobDescription":"To develop andriod application","experience":["Google","Apple","Mobile Iron"]},{"jobId":69,"jobTitle":"Software Engineering Role","project":[{"technology":["Kotlin","SQL Lite","Gradle"],"projectName":"Movie App"},{"technology":["Kotlin2","SQL Lite2","Gradle2"],"projectName":"Movie App2"}],"jobDescription":"To develop andriod application","experience":["Google","Apple","Mobile Iron"]},{"jobId":7,"jobTitle":"Software Engineering Role","project":[{"technology":["Kotlin","SQL Lite","Gradle"],"projectName":"Movie App"},{"technology":["Kotlin2","SQL Lite2","Gradle2"],"projectName":"Movie App2"}],"jobDescription":"To develop andriod application","experience":["Google","Apple","Mobile Iron"]}], expected: [{"jobId":1,"jobTitle":"Software Engg","project":[{"technology":["Kotlin","SQL Lite","Gradle"],"projectName":"Movie App"}],"jobDescription":"To develop andriod application","experience":["Google","Apple","Mobile Iron"]}], reason: actual and expected arrays are not the same size - 25:1&#13;
	at ✽.And match response == (responseMatcher.feature:20)&#13;

Given url 'http://localhost:9897' ......................................... passed
Given path '/normal/webapi/all' ........................................... passed
And header Accept = 'application/xml' ..................................... passed
When method get ........................................................... passed
Then status 200 ........................................................... passed
And print response ........................................................ passed
And match response == ..................................................... failed

Stack Trace:
com.intuit.karate.exception.KarateException: responseMatcher.feature:53 - path: /List/item, actual: [{jobId=1, jobTitle=Software Engg, jobDescription=To develop andriod application, experience={experience=[Google, Apple, Mobile Iron]}, project={project={projectName=Movie App, technology={technology=[Kotlin, SQL Lite, Gradle]}}}}, {jobId=17, jobTitle=Software Engineering, jobDescription=To develop andriod application, experience={experience=[Google, Apple, Mobile Iron]}, project={project={projectName=Movie App, technology={technology=[Kotlin, SQL Lite, Gradle]}}}}, {jobId=91, jobTitle=Software Engineering, jobDescription=To develop android and iOS applications, experience={experience=[Google, Apple, Mobile Iron]}, project={project={projectName=Movie App, technology={technology=[Kotlin, SQL Lite, Gradle]}}}}, {jobId=1, jobTitle=Software Engg, jobDescription=To develop andriod application, experience={experience=[Google, Apple, Mobile Iron]}, project={project={projectName=Movie App, technology={technology=[Kotlin, SQL Lite, Gradle]}}}}, {jobId=54, jobTitle=Software Engineering, jobDescription=To develop andriod application, experience={experience=[Google, Apple, Mobile Iron]}, project={project={projectName=Movie App, technology={technology=[Kotlin, SQL Lite, Gradle]}}}}, {jobId=76, jobTitle=Software Engineering, jobDescription=To develop Android and iOS applications, experience={experience=[Google, Apple, Mobile Iron]}, project={project={projectName=Movie App, technology={technology=[Kotlin, SQL Lite, Gradle]}}}}, {jobId=1, jobTitle=Software Engg, jobDescription=To develop andriod application, experience={experience=[Google, Apple, Mobile Iron]}, project={project={projectName=Movie App, technology={technology=[Kotlin, SQL Lite, Gradle]}}}}, {jobId=1, jobTitle=Software Engg, jobDescription=To develop andriod application, experience={experience=[Google, Apple, Mobile Iron]}, project={project={projectName=Movie App, technology={technology=[Kotlin, SQL Lite, Gradle]}}}}, {jobId=1, jobTitle=Software Engg, jobDescription=To develop andriod application, experience={experience=[Google, Apple, Mobile Iron]}, project={project={projectName=Movie App, technology={technology=[Kotlin, SQL Lite, Gradle]}}}}, {jobId=1, jobTitle=Software Engg, jobDescription=To develop andriod application, experience={experience=[Google, Apple, Mobile Iron]}, project={project={projectName=Movie App, technology={technology=[Kotlin, SQL Lite, Gradle]}}}}, {jobId=65, jobTitle=Software Engg, jobDescription=To develop andriod application, experience={experience=[Google, Apple, Mobile Iron]}, project={project={projectName=Movie App, technology={technology=[Kotlin, SQL Lite, Gradle]}}}}, {jobId=2, jobTitle=Software Engg, jobDescription=To develop andriod application, experience={experience=[Google, Apple, Mobile Iron]}, project={project={projectName=Movie App, technology={technology=[Kotlin, SQL Lite, Gradle]}}}}, {jobId=1, jobTitle=Software Engg, jobDescription=To develop andriod application, experience={experience=[Google, Apple, Mobile Iron]}, project={project={projectName=Movie App, technology={technology=[Kotlin, SQL Lite, Gradle]}}}}, {jobId=1, jobTitle=Software Engg, jobDescription=To develop andriod application, experience={experience=[Google, Apple, Mobile Iron]}, project={project={projectName=Movie App, technology={technology=[Kotlin, SQL Lite, Gradle]}}}}, {jobId=1, jobTitle=Software Engg, jobDescription=To develop andriod application, experience={experience=[Google, Apple, Mobile Iron]}, project={project={projectName=Movie App, technology={technology=[Kotlin, SQL Lite, Gradle]}}}}, {jobId=1, jobTitle=Software Engg, jobDescription=To develop andriod application, experience={experience=[Google, Apple, Mobile Iron]}, project={project={projectName=Movie App, technology={technology=[Kotlin, SQL Lite, Gradle]}}}}, {jobId=1, jobTitle=Software Engg, jobDescription=To develop andriod application, experience={experience=[Google, Apple, Mobile Iron]}, project={project={projectName=Movie App, technology={technology=[Kotlin, SQL Lite, Gradle]}}}}, {jobId=1, jobTitle=Software Engg, jobDescription=To develop andriod application, experience={experience=[Google, Apple, Mobile Iron]}, project={project={projectName=Movie App, technology={technology=[Kotlin, SQL Lite, Gradle]}}}}, {jobId=10, jobTitle=Software Engineering Role, jobDescription=To develop andriod application, experience={experience=[Google, Apple, Mobile Iron]}, project={project=[{projectName=Movie App, technology={technology=[Kotlin, SQL Lite, Gradle]}}, {projectName=Movie App2, technology={technology=[Kotlin2, SQL Lite2, Gradle2]}}]}}, {jobId=25, jobTitle=Software Engineering Role, jobDescription=To develop andriod application, experience={experience=[Google, Apple, Mobile Iron]}, project={project=[{projectName=Movie App, technology={technology=[Kotlin, SQL Lite, Gradle]}}, {projectName=Movie App2, technology={technology=[Kotlin2, SQL Lite2, Gradle2]}}]}}, {jobId=15, jobTitle=Software Engineering, jobDescription=To develop android and iOS applications, experience={experience=[Google, Apple, Mobile Iron]}, project={project={projectName=Movie App, technology={technology=[Kotlin, SQL Lite, Gradle]}}}}, {jobId=34, jobTitle=Software Engineering, jobDescription=To develop android and iOS applications, experience={experience=[Google, Apple, Mobile Iron]}, project={project={projectName=Movie App, technology={technology=[Kotlin, SQL Lite, Gradle]}}}}, {jobId=49, jobTitle=Software Engineering Role 2.0, jobDescription=To develop andriod application, experience={experience=[Google, Apple, Mobile Iron]}, project={project=[{projectName=Movie App, technology={technology=[Kotlin, SQL Lite, Gradle]}}, {projectName=Movie App2, technology={technology=[Kotlin2, SQL Lite2, Gradle2]}}]}}, {jobId=69, jobTitle=Software Engineering Role, jobDescription=To develop andriod application, experience={experience=[Google, Apple, Mobile Iron]}, project={project=[{projectName=Movie App, technology={technology=[Kotlin, SQL Lite, Gradle]}}, {projectName=Movie App2, technology={technology=[Kotlin2, SQL Lite2, Gradle2]}}]}}, {jobId=7, jobTitle=Software Engineering Role, jobDescription=To develop andriod application, experience={experience=[Google, Apple, Mobile Iron]}, project={project=[{projectName=Movie App, technology={technology=[Kotlin, SQL Lite, Gradle]}}, {projectName=Movie App2, technology={technology=[Kotlin2, SQL Lite2, Gradle2]}}]}}, {jobId=91, jobTitle=Software Engineering, jobDescription=To develop andriod application, experience={experience=[Google, Apple, Mobile Iron]}, project={project={projectName=Movie App, technology={technology=[Kotlin, SQL Lite, Gradle]}}}}], expected: '&lt;item&gt;&lt;jobId&gt;1&lt;/jobId&gt;&lt;jobTitle&gt;Software Engg&lt;/jobTitle&gt;&lt;jobDescription&gt;To develop andriod application&lt;/jobDescription&gt;&lt;experience&gt;&lt;experience&gt;Google&lt;/experience&gt;&lt;experience&gt;Apple&lt;/experience&gt;&lt;experience&gt;Mobile Iron&lt;/experience&gt;&lt;/experience&gt;&lt;project&gt;&lt;project&gt;&lt;projectName&gt;Movie App&lt;/projectName&gt;&lt;technology&gt;&lt;technology&gt;Kotlin&lt;/technology&gt;&lt;technology&gt;SQL Lite&lt;/technology&gt;&lt;technology&gt;Gradle&lt;/technology&gt;&lt;/technology&gt;&lt;/project&gt;&lt;/project&gt;&lt;/item&gt;', reason: actual value is not map-like&#13;
	at ✽.And match response == (responseMatcher.feature:53)</failure>
  </testcase>
  <testcase classname="com.api.automation.getrequest.responseMatcher" name="To get the data in JSON format with negate validation on response" time="0.021471">
    <system-out>Given url 'http://localhost:9897' ......................................... passed
Given path '/normal/webapi/all' ........................................... passed
And header Accept = 'application/json' .................................... passed
When method get ........................................................... passed
Then status 200 ........................................................... passed
And print response ........................................................ passed
And match response == ..................................................... failed

Stack Trace:
com.intuit.karate.exception.KarateException: responseMatcher.feature:20 - path: $, actual: [{"jobId":1,"jobTitle":"Software Engg","project":[{"technology":["Kotlin","SQL Lite","Gradle"],"projectName":"Movie App"}],"jobDescription":"To develop andriod application","experience":["Google","Apple","Mobile Iron"]},{"jobId":17,"jobTitle":"Software Engineering","project":[{"technology":["Kotlin","SQL Lite","Gradle"],"projectName":"Movie App"}],"jobDescription":"To develop andriod application","experience":["Google","Apple","Mobile Iron"]},{"jobId":91,"jobTitle":"Software Engineering","project":[{"technology":["Kotlin","SQL Lite","Gradle"],"projectName":"Movie App"}],"jobDescription":"To develop android and iOS applications","experience":["Google","Apple","Mobile Iron"]},{"jobId":1,"jobTitle":"Software Engg","project":[{"technology":["Kotlin","SQL Lite","Gradle"],"projectName":"Movie App"}],"jobDescription":"To develop andriod application","experience":["Google","Apple","Mobile Iron"]},{"jobId":54,"jobTitle":"Software Engineering","project":[{"technology":["Kotlin","SQL Lite","Gradle"],"projectName":"Movie App"}],"jobDescription":"To develop andriod application","experience":["Google","Apple","Mobile Iron"]},{"jobId":76,"jobTitle":"Software Engineering","project":[{"technology":["Kotlin","SQL Lite","Gradle"],"projectName":"Movie App"}],"jobDescription":"To develop Android and iOS applications","experience":["Google","Apple","Mobile Iron"]},{"jobId":1,"jobTitle":"Software Engg","project":[{"technology":["Kotlin","SQL Lite","Gradle"],"projectName":"Movie App"}],"jobDescription":"To develop andriod application","experience":["Google","Apple","Mobile Iron"]},{"jobId":1,"jobTitle":"Software Engg","project":[{"technology":["Kotlin","SQL Lite","Gradle"],"projectName":"Movie App"}],"jobDescription":"To develop andriod application","experience":["Google","Apple","Mobile Iron"]},{"jobId":1,"jobTitle":"Software Engg","project":[{"technology":["Kotlin","SQL Lite","Gradle"],"projectName":"Movie App"}],"jobDescription":"To develop andriod application","experience":["Google","Apple","Mobile Iron"]},{"jobId":1,"jobTitle":"Software Engg","project":[{"technology":["Kotlin","SQL Lite","Gradle"],"projectName":"Movie App"}],"jobDescription":"To develop andriod application","experience":["Google","Apple","Mobile Iron"]},{"jobId":65,"jobTitle":"Software Engg","project":[{"technology":["Kotlin","SQL Lite","Gradle"],"projectName":"Movie App"}],"jobDescription":"To develop andriod application","experience":["Google","Apple","Mobile Iron"]},{"jobId":2,"jobTitle":"Software Engg","project":[{"technology":["Kotlin","SQL Lite","Gradle"],"projectName":"Movie App"}],"jobDescription":"To develop andriod application","experience":["Google","Apple","Mobile Iron"]},{"jobId":1,"jobTitle":"Software Engg","project":[{"technology":["Kotlin","SQL Lite","Gradle"],"projectName":"Movie App"}],"jobDescription":"To develop andriod application","experience":["Google","Apple","Mobile Iron"]},{"jobId":1,"jobTitle":"Software Engg","project":[{"technology":["Kotlin","SQL Lite","Gradle"],"projectName":"Movie App"}],"jobDescription":"To develop andriod application","experience":["Google","Apple","Mobile Iron"]},{"jobId":1,"jobTitle":"Software Engg","project":[{"technology":["Kotlin","SQL Lite","Gradle"],"projectName":"Movie App"}],"jobDescription":"To develop andriod application","experience":["Google","Apple","Mobile Iron"]},{"jobId":1,"jobTitle":"Software Engg","project":[{"technology":["Kotlin","SQL Lite","Gradle"],"projectName":"Movie App"}],"jobDescription":"To develop andriod application","experience":["Google","Apple","Mobile Iron"]},{"jobId":1,"jobTitle":"Software Engg","project":[{"technology":["Kotlin","SQL Lite","Gradle"],"projectName":"Movie App"}],"jobDescription":"To develop andriod application","experience":["Google","Apple","Mobile Iron"]},{"jobId":1,"jobTitle":"Software Engg","project":[{"technology":["Kotlin","SQL Lite","Gradle"],"projectName":"Movie App"}],"jobDescription":"To develop andriod application","experience":["Google","Apple","Mobile Iron"]},{"jobId":10,"jobTitle":"Software Engineering Role","project":[{"technology":["Kotlin","SQL Lite","Gradle"],"projectName":"Movie App"},{"technology":["Kotlin2","SQL Lite2","Gradle2"],"projectName":"Movie App2"}],"jobDescription":"To develop andriod application","experience":["Google","Apple","Mobile Iron"]},{"jobId":25,"jobTitle":"Software Engineering Role","project":[{"technology":["Kotlin","SQL Lite","Gradle"],"projectName":"Movie App"},{"technology":["Kotlin2","SQL Lite2","Gradle2"],"projectName":"Movie App2"}],"jobDescription":"To develop andriod application","experience":["Google","Apple","Mobile Iron"]},{"jobId":15,"jobTitle":"Software Engineering","project":[{"technology":["Kotlin","SQL Lite","Gradle"],"projectName":"Movie App"}],"jobDescription":"To develop android and iOS applications","experience":["Google","Apple","Mobile Iron"]},{"jobId":34,"jobTitle":"Software Engineering","project":[{"technology":["Kotlin","SQL Lite","Gradle"],"projectName":"Movie App"}],"jobDescription":"To develop android and iOS applications","experience":["Google","Apple","Mobile Iron"]},{"jobId":49,"jobTitle":"Software Engineering Role 2.0","project":[{"technology":["Kotlin","SQL Lite","Gradle"],"projectName":"Movie App"},{"technology":["Kotlin2","SQL Lite2","Gradle2"],"projectName":"Movie App2"}],"jobDescription":"To develop andriod application","experience":["Google","Apple","Mobile Iron"]},{"jobId":69,"jobTitle":"Software Engineering Role","project":[{"technology":["Kotlin","SQL Lite","Gradle"],"projectName":"Movie App"},{"technology":["Kotlin2","SQL Lite2","Gradle2"],"projectName":"Movie App2"}],"jobDescription":"To develop andriod application","experience":["Google","Apple","Mobile Iron"]},{"jobId":7,"jobTitle":"Software Engineering Role","project":[{"technology":["Kotlin","SQL Lite","Gradle"],"projectName":"Movie App"},{"technology":["Kotlin2","SQL Lite2","Gradle2"],"projectName":"Movie App2"}],"jobDescription":"To develop andriod application","experience":["Google","Apple","Mobile Iron"]}], expected: [{"jobId":1,"jobTitle":"Software Engg","project":[{"technology":["Kotlin","SQL Lite","Gradle"],"projectName":"Movie App"}],"jobDescription":"To develop andriod application","experience":["Google","Apple","Mobile Iron"]}], reason: actual and expected arrays are not the same size - 25:1&#13;
	at ✽.And match response == (responseMatcher.feature:20)&#13;

Given url 'http://localhost:9897' ......................................... passed
Given path '/normal/webapi/all' ........................................... passed
And header Accept = 'application/xml' ..................................... passed
When method get ........................................................... passed
Then status 200 ........................................................... passed
And print response ........................................................ passed
And match response == ..................................................... failed

Stack Trace:
com.intuit.karate.exception.KarateException: responseMatcher.feature:53 - path: /List/item, actual: [{jobId=1, jobTitle=Software Engg, jobDescription=To develop andriod application, experience={experience=[Google, Apple, Mobile Iron]}, project={project={projectName=Movie App, technology={technology=[Kotlin, SQL Lite, Gradle]}}}}, {jobId=17, jobTitle=Software Engineering, jobDescription=To develop andriod application, experience={experience=[Google, Apple, Mobile Iron]}, project={project={projectName=Movie App, technology={technology=[Kotlin, SQL Lite, Gradle]}}}}, {jobId=91, jobTitle=Software Engineering, jobDescription=To develop android and iOS applications, experience={experience=[Google, Apple, Mobile Iron]}, project={project={projectName=Movie App, technology={technology=[Kotlin, SQL Lite, Gradle]}}}}, {jobId=1, jobTitle=Software Engg, jobDescription=To develop andriod application, experience={experience=[Google, Apple, Mobile Iron]}, project={project={projectName=Movie App, technology={technology=[Kotlin, SQL Lite, Gradle]}}}}, {jobId=54, jobTitle=Software Engineering, jobDescription=To develop andriod application, experience={experience=[Google, Apple, Mobile Iron]}, project={project={projectName=Movie App, technology={technology=[Kotlin, SQL Lite, Gradle]}}}}, {jobId=76, jobTitle=Software Engineering, jobDescription=To develop Android and iOS applications, experience={experience=[Google, Apple, Mobile Iron]}, project={project={projectName=Movie App, technology={technology=[Kotlin, SQL Lite, Gradle]}}}}, {jobId=1, jobTitle=Software Engg, jobDescription=To develop andriod application, experience={experience=[Google, Apple, Mobile Iron]}, project={project={projectName=Movie App, technology={technology=[Kotlin, SQL Lite, Gradle]}}}}, {jobId=1, jobTitle=Software Engg, jobDescription=To develop andriod application, experience={experience=[Google, Apple, Mobile Iron]}, project={project={projectName=Movie App, technology={technology=[Kotlin, SQL Lite, Gradle]}}}}, {jobId=1, jobTitle=Software Engg, jobDescription=To develop andriod application, experience={experience=[Google, Apple, Mobile Iron]}, project={project={projectName=Movie App, technology={technology=[Kotlin, SQL Lite, Gradle]}}}}, {jobId=1, jobTitle=Software Engg, jobDescription=To develop andriod application, experience={experience=[Google, Apple, Mobile Iron]}, project={project={projectName=Movie App, technology={technology=[Kotlin, SQL Lite, Gradle]}}}}, {jobId=65, jobTitle=Software Engg, jobDescription=To develop andriod application, experience={experience=[Google, Apple, Mobile Iron]}, project={project={projectName=Movie App, technology={technology=[Kotlin, SQL Lite, Gradle]}}}}, {jobId=2, jobTitle=Software Engg, jobDescription=To develop andriod application, experience={experience=[Google, Apple, Mobile Iron]}, project={project={projectName=Movie App, technology={technology=[Kotlin, SQL Lite, Gradle]}}}}, {jobId=1, jobTitle=Software Engg, jobDescription=To develop andriod application, experience={experience=[Google, Apple, Mobile Iron]}, project={project={projectName=Movie App, technology={technology=[Kotlin, SQL Lite, Gradle]}}}}, {jobId=1, jobTitle=Software Engg, jobDescription=To develop andriod application, experience={experience=[Google, Apple, Mobile Iron]}, project={project={projectName=Movie App, technology={technology=[Kotlin, SQL Lite, Gradle]}}}}, {jobId=1, jobTitle=Software Engg, jobDescription=To develop andriod application, experience={experience=[Google, Apple, Mobile Iron]}, project={project={projectName=Movie App, technology={technology=[Kotlin, SQL Lite, Gradle]}}}}, {jobId=1, jobTitle=Software Engg, jobDescription=To develop andriod application, experience={experience=[Google, Apple, Mobile Iron]}, project={project={projectName=Movie App, technology={technology=[Kotlin, SQL Lite, Gradle]}}}}, {jobId=1, jobTitle=Software Engg, jobDescription=To develop andriod application, experience={experience=[Google, Apple, Mobile Iron]}, project={project={projectName=Movie App, technology={technology=[Kotlin, SQL Lite, Gradle]}}}}, {jobId=1, jobTitle=Software Engg, jobDescription=To develop andriod application, experience={experience=[Google, Apple, Mobile Iron]}, project={project={projectName=Movie App, technology={technology=[Kotlin, SQL Lite, Gradle]}}}}, {jobId=10, jobTitle=Software Engineering Role, jobDescription=To develop andriod application, experience={experience=[Google, Apple, Mobile Iron]}, project={project=[{projectName=Movie App, technology={technology=[Kotlin, SQL Lite, Gradle]}}, {projectName=Movie App2, technology={technology=[Kotlin2, SQL Lite2, Gradle2]}}]}}, {jobId=25, jobTitle=Software Engineering Role, jobDescription=To develop andriod application, experience={experience=[Google, Apple, Mobile Iron]}, project={project=[{projectName=Movie App, technology={technology=[Kotlin, SQL Lite, Gradle]}}, {projectName=Movie App2, technology={technology=[Kotlin2, SQL Lite2, Gradle2]}}]}}, {jobId=15, jobTitle=Software Engineering, jobDescription=To develop android and iOS applications, experience={experience=[Google, Apple, Mobile Iron]}, project={project={projectName=Movie App, technology={technology=[Kotlin, SQL Lite, Gradle]}}}}, {jobId=34, jobTitle=Software Engineering, jobDescription=To develop android and iOS applications, experience={experience=[Google, Apple, Mobile Iron]}, project={project={projectName=Movie App, technology={technology=[Kotlin, SQL Lite, Gradle]}}}}, {jobId=49, jobTitle=Software Engineering Role 2.0, jobDescription=To develop andriod application, experience={experience=[Google, Apple, Mobile Iron]}, project={project=[{projectName=Movie App, technology={technology=[Kotlin, SQL Lite, Gradle]}}, {projectName=Movie App2, technology={technology=[Kotlin2, SQL Lite2, Gradle2]}}]}}, {jobId=69, jobTitle=Software Engineering Role, jobDescription=To develop andriod application, experience={experience=[Google, Apple, Mobile Iron]}, project={project=[{projectName=Movie App, technology={technology=[Kotlin, SQL Lite, Gradle]}}, {projectName=Movie App2, technology={technology=[Kotlin2, SQL Lite2, Gradle2]}}]}}, {jobId=7, jobTitle=Software Engineering Role, jobDescription=To develop andriod application, experience={experience=[Google, Apple, Mobile Iron]}, project={project=[{projectName=Movie App, technology={technology=[Kotlin, SQL Lite, Gradle]}}, {projectName=Movie App2, technology={technology=[Kotlin2, SQL Lite2, Gradle2]}}]}}, {jobId=91, jobTitle=Software Engineering, jobDescription=To develop andriod application, experience={experience=[Google, Apple, Mobile Iron]}, project={project={projectName=Movie App, technology={technology=[Kotlin, SQL Lite, Gradle]}}}}], expected: '&lt;item&gt;&lt;jobId&gt;1&lt;/jobId&gt;&lt;jobTitle&gt;Software Engg&lt;/jobTitle&gt;&lt;jobDescription&gt;To develop andriod application&lt;/jobDescription&gt;&lt;experience&gt;&lt;experience&gt;Google&lt;/experience&gt;&lt;experience&gt;Apple&lt;/experience&gt;&lt;experience&gt;Mobile Iron&lt;/experience&gt;&lt;/experience&gt;&lt;project&gt;&lt;project&gt;&lt;projectName&gt;Movie App&lt;/projectName&gt;&lt;technology&gt;&lt;technology&gt;Kotlin&lt;/technology&gt;&lt;technology&gt;SQL Lite&lt;/technology&gt;&lt;technology&gt;Gradle&lt;/technology&gt;&lt;/technology&gt;&lt;/project&gt;&lt;/project&gt;&lt;/item&gt;', reason: actual value is not map-like&#13;
	at ✽.And match response == (responseMatcher.feature:53)&#13;

Given url 'http://localhost:9897' ......................................... passed
Given path '/normal/webapi/all' ........................................... passed
And header Accept = 'application/json' .................................... passed
When method get ........................................................... passed
Then status 200 ........................................................... passed
And print response ........................................................ passed
And match response != ..................................................... passed</system-out>
  </testcase>
  <testcase classname="com.api.automation.getrequest.responseMatcher" name="To get the data in JSON format with validation on sepcific property in a response" time="0.008854">
    <system-out>Given url 'http://localhost:9897' ......................................... passed
Given path '/normal/webapi/all' ........................................... passed
And header Accept = 'application/json' .................................... passed
When method get ........................................................... passed
Then status 200 ........................................................... passed
And print response ........................................................ passed
And match response == ..................................................... failed

Stack Trace:
com.intuit.karate.exception.KarateException: responseMatcher.feature:20 - path: $, actual: [{"jobId":1,"jobTitle":"Software Engg","project":[{"technology":["Kotlin","SQL Lite","Gradle"],"projectName":"Movie App"}],"jobDescription":"To develop andriod application","experience":["Google","Apple","Mobile Iron"]},{"jobId":17,"jobTitle":"Software Engineering","project":[{"technology":["Kotlin","SQL Lite","Gradle"],"projectName":"Movie App"}],"jobDescription":"To develop andriod application","experience":["Google","Apple","Mobile Iron"]},{"jobId":91,"jobTitle":"Software Engineering","project":[{"technology":["Kotlin","SQL Lite","Gradle"],"projectName":"Movie App"}],"jobDescription":"To develop android and iOS applications","experience":["Google","Apple","Mobile Iron"]},{"jobId":1,"jobTitle":"Software Engg","project":[{"technology":["Kotlin","SQL Lite","Gradle"],"projectName":"Movie App"}],"jobDescription":"To develop andriod application","experience":["Google","Apple","Mobile Iron"]},{"jobId":54,"jobTitle":"Software Engineering","project":[{"technology":["Kotlin","SQL Lite","Gradle"],"projectName":"Movie App"}],"jobDescription":"To develop andriod application","experience":["Google","Apple","Mobile Iron"]},{"jobId":76,"jobTitle":"Software Engineering","project":[{"technology":["Kotlin","SQL Lite","Gradle"],"projectName":"Movie App"}],"jobDescription":"To develop Android and iOS applications","experience":["Google","Apple","Mobile Iron"]},{"jobId":1,"jobTitle":"Software Engg","project":[{"technology":["Kotlin","SQL Lite","Gradle"],"projectName":"Movie App"}],"jobDescription":"To develop andriod application","experience":["Google","Apple","Mobile Iron"]},{"jobId":1,"jobTitle":"Software Engg","project":[{"technology":["Kotlin","SQL Lite","Gradle"],"projectName":"Movie App"}],"jobDescription":"To develop andriod application","experience":["Google","Apple","Mobile Iron"]},{"jobId":1,"jobTitle":"Software Engg","project":[{"technology":["Kotlin","SQL Lite","Gradle"],"projectName":"Movie App"}],"jobDescription":"To develop andriod application","experience":["Google","Apple","Mobile Iron"]},{"jobId":1,"jobTitle":"Software Engg","project":[{"technology":["Kotlin","SQL Lite","Gradle"],"projectName":"Movie App"}],"jobDescription":"To develop andriod application","experience":["Google","Apple","Mobile Iron"]},{"jobId":65,"jobTitle":"Software Engg","project":[{"technology":["Kotlin","SQL Lite","Gradle"],"projectName":"Movie App"}],"jobDescription":"To develop andriod application","experience":["Google","Apple","Mobile Iron"]},{"jobId":2,"jobTitle":"Software Engg","project":[{"technology":["Kotlin","SQL Lite","Gradle"],"projectName":"Movie App"}],"jobDescription":"To develop andriod application","experience":["Google","Apple","Mobile Iron"]},{"jobId":1,"jobTitle":"Software Engg","project":[{"technology":["Kotlin","SQL Lite","Gradle"],"projectName":"Movie App"}],"jobDescription":"To develop andriod application","experience":["Google","Apple","Mobile Iron"]},{"jobId":1,"jobTitle":"Software Engg","project":[{"technology":["Kotlin","SQL Lite","Gradle"],"projectName":"Movie App"}],"jobDescription":"To develop andriod application","experience":["Google","Apple","Mobile Iron"]},{"jobId":1,"jobTitle":"Software Engg","project":[{"technology":["Kotlin","SQL Lite","Gradle"],"projectName":"Movie App"}],"jobDescription":"To develop andriod application","experience":["Google","Apple","Mobile Iron"]},{"jobId":1,"jobTitle":"Software Engg","project":[{"technology":["Kotlin","SQL Lite","Gradle"],"projectName":"Movie App"}],"jobDescription":"To develop andriod application","experience":["Google","Apple","Mobile Iron"]},{"jobId":1,"jobTitle":"Software Engg","project":[{"technology":["Kotlin","SQL Lite","Gradle"],"projectName":"Movie App"}],"jobDescription":"To develop andriod application","experience":["Google","Apple","Mobile Iron"]},{"jobId":1,"jobTitle":"Software Engg","project":[{"technology":["Kotlin","SQL Lite","Gradle"],"projectName":"Movie App"}],"jobDescription":"To develop andriod application","experience":["Google","Apple","Mobile Iron"]},{"jobId":10,"jobTitle":"Software Engineering Role","project":[{"technology":["Kotlin","SQL Lite","Gradle"],"projectName":"Movie App"},{"technology":["Kotlin2","SQL Lite2","Gradle2"],"projectName":"Movie App2"}],"jobDescription":"To develop andriod application","experience":["Google","Apple","Mobile Iron"]},{"jobId":25,"jobTitle":"Software Engineering Role","project":[{"technology":["Kotlin","SQL Lite","Gradle"],"projectName":"Movie App"},{"technology":["Kotlin2","SQL Lite2","Gradle2"],"projectName":"Movie App2"}],"jobDescription":"To develop andriod application","experience":["Google","Apple","Mobile Iron"]},{"jobId":15,"jobTitle":"Software Engineering","project":[{"technology":["Kotlin","SQL Lite","Gradle"],"projectName":"Movie App"}],"jobDescription":"To develop android and iOS applications","experience":["Google","Apple","Mobile Iron"]},{"jobId":34,"jobTitle":"Software Engineering","project":[{"technology":["Kotlin","SQL Lite","Gradle"],"projectName":"Movie App"}],"jobDescription":"To develop android and iOS applications","experience":["Google","Apple","Mobile Iron"]},{"jobId":49,"jobTitle":"Software Engineering Role 2.0","project":[{"technology":["Kotlin","SQL Lite","Gradle"],"projectName":"Movie App"},{"technology":["Kotlin2","SQL Lite2","Gradle2"],"projectName":"Movie App2"}],"jobDescription":"To develop andriod application","experience":["Google","Apple","Mobile Iron"]},{"jobId":69,"jobTitle":"Software Engineering Role","project":[{"technology":["Kotlin","SQL Lite","Gradle"],"projectName":"Movie App"},{"technology":["Kotlin2","SQL Lite2","Gradle2"],"projectName":"Movie App2"}],"jobDescription":"To develop andriod application","experience":["Google","Apple","Mobile Iron"]},{"jobId":7,"jobTitle":"Software Engineering Role","project":[{"technology":["Kotlin","SQL Lite","Gradle"],"projectName":"Movie App"},{"technology":["Kotlin2","SQL Lite2","Gradle2"],"projectName":"Movie App2"}],"jobDescription":"To develop andriod application","experience":["Google","Apple","Mobile Iron"]}], expected: [{"jobId":1,"jobTitle":"Software Engg","project":[{"technology":["Kotlin","SQL Lite","Gradle"],"projectName":"Movie App"}],"jobDescription":"To develop andriod application","experience":["Google","Apple","Mobile Iron"]}], reason: actual and expected arrays are not the same size - 25:1&#13;
	at ✽.And match response == (responseMatcher.feature:20)&#13;

Given url 'http://localhost:9897' ......................................... passed
Given path '/normal/webapi/all' ........................................... passed
And header Accept = 'application/xml' ..................................... passed
When method get ........................................................... passed
Then status 200 ........................................................... passed
And print response ........................................................ passed
And match response == ..................................................... failed

Stack Trace:
com.intuit.karate.exception.KarateException: responseMatcher.feature:53 - path: /List/item, actual: [{jobId=1, jobTitle=Software Engg, jobDescription=To develop andriod application, experience={experience=[Google, Apple, Mobile Iron]}, project={project={projectName=Movie App, technology={technology=[Kotlin, SQL Lite, Gradle]}}}}, {jobId=17, jobTitle=Software Engineering, jobDescription=To develop andriod application, experience={experience=[Google, Apple, Mobile Iron]}, project={project={projectName=Movie App, technology={technology=[Kotlin, SQL Lite, Gradle]}}}}, {jobId=91, jobTitle=Software Engineering, jobDescription=To develop android and iOS applications, experience={experience=[Google, Apple, Mobile Iron]}, project={project={projectName=Movie App, technology={technology=[Kotlin, SQL Lite, Gradle]}}}}, {jobId=1, jobTitle=Software Engg, jobDescription=To develop andriod application, experience={experience=[Google, Apple, Mobile Iron]}, project={project={projectName=Movie App, technology={technology=[Kotlin, SQL Lite, Gradle]}}}}, {jobId=54, jobTitle=Software Engineering, jobDescription=To develop andriod application, experience={experience=[Google, Apple, Mobile Iron]}, project={project={projectName=Movie App, technology={technology=[Kotlin, SQL Lite, Gradle]}}}}, {jobId=76, jobTitle=Software Engineering, jobDescription=To develop Android and iOS applications, experience={experience=[Google, Apple, Mobile Iron]}, project={project={projectName=Movie App, technology={technology=[Kotlin, SQL Lite, Gradle]}}}}, {jobId=1, jobTitle=Software Engg, jobDescription=To develop andriod application, experience={experience=[Google, Apple, Mobile Iron]}, project={project={projectName=Movie App, technology={technology=[Kotlin, SQL Lite, Gradle]}}}}, {jobId=1, jobTitle=Software Engg, jobDescription=To develop andriod application, experience={experience=[Google, Apple, Mobile Iron]}, project={project={projectName=Movie App, technology={technology=[Kotlin, SQL Lite, Gradle]}}}}, {jobId=1, jobTitle=Software Engg, jobDescription=To develop andriod application, experience={experience=[Google, Apple, Mobile Iron]}, project={project={projectName=Movie App, technology={technology=[Kotlin, SQL Lite, Gradle]}}}}, {jobId=1, jobTitle=Software Engg, jobDescription=To develop andriod application, experience={experience=[Google, Apple, Mobile Iron]}, project={project={projectName=Movie App, technology={technology=[Kotlin, SQL Lite, Gradle]}}}}, {jobId=65, jobTitle=Software Engg, jobDescription=To develop andriod application, experience={experience=[Google, Apple, Mobile Iron]}, project={project={projectName=Movie App, technology={technology=[Kotlin, SQL Lite, Gradle]}}}}, {jobId=2, jobTitle=Software Engg, jobDescription=To develop andriod application, experience={experience=[Google, Apple, Mobile Iron]}, project={project={projectName=Movie App, technology={technology=[Kotlin, SQL Lite, Gradle]}}}}, {jobId=1, jobTitle=Software Engg, jobDescription=To develop andriod application, experience={experience=[Google, Apple, Mobile Iron]}, project={project={projectName=Movie App, technology={technology=[Kotlin, SQL Lite, Gradle]}}}}, {jobId=1, jobTitle=Software Engg, jobDescription=To develop andriod application, experience={experience=[Google, Apple, Mobile Iron]}, project={project={projectName=Movie App, technology={technology=[Kotlin, SQL Lite, Gradle]}}}}, {jobId=1, jobTitle=Software Engg, jobDescription=To develop andriod application, experience={experience=[Google, Apple, Mobile Iron]}, project={project={projectName=Movie App, technology={technology=[Kotlin, SQL Lite, Gradle]}}}}, {jobId=1, jobTitle=Software Engg, jobDescription=To develop andriod application, experience={experience=[Google, Apple, Mobile Iron]}, project={project={projectName=Movie App, technology={technology=[Kotlin, SQL Lite, Gradle]}}}}, {jobId=1, jobTitle=Software Engg, jobDescription=To develop andriod application, experience={experience=[Google, Apple, Mobile Iron]}, project={project={projectName=Movie App, technology={technology=[Kotlin, SQL Lite, Gradle]}}}}, {jobId=1, jobTitle=Software Engg, jobDescription=To develop andriod application, experience={experience=[Google, Apple, Mobile Iron]}, project={project={projectName=Movie App, technology={technology=[Kotlin, SQL Lite, Gradle]}}}}, {jobId=10, jobTitle=Software Engineering Role, jobDescription=To develop andriod application, experience={experience=[Google, Apple, Mobile Iron]}, project={project=[{projectName=Movie App, technology={technology=[Kotlin, SQL Lite, Gradle]}}, {projectName=Movie App2, technology={technology=[Kotlin2, SQL Lite2, Gradle2]}}]}}, {jobId=25, jobTitle=Software Engineering Role, jobDescription=To develop andriod application, experience={experience=[Google, Apple, Mobile Iron]}, project={project=[{projectName=Movie App, technology={technology=[Kotlin, SQL Lite, Gradle]}}, {projectName=Movie App2, technology={technology=[Kotlin2, SQL Lite2, Gradle2]}}]}}, {jobId=15, jobTitle=Software Engineering, jobDescription=To develop android and iOS applications, experience={experience=[Google, Apple, Mobile Iron]}, project={project={projectName=Movie App, technology={technology=[Kotlin, SQL Lite, Gradle]}}}}, {jobId=34, jobTitle=Software Engineering, jobDescription=To develop android and iOS applications, experience={experience=[Google, Apple, Mobile Iron]}, project={project={projectName=Movie App, technology={technology=[Kotlin, SQL Lite, Gradle]}}}}, {jobId=49, jobTitle=Software Engineering Role 2.0, jobDescription=To develop andriod application, experience={experience=[Google, Apple, Mobile Iron]}, project={project=[{projectName=Movie App, technology={technology=[Kotlin, SQL Lite, Gradle]}}, {projectName=Movie App2, technology={technology=[Kotlin2, SQL Lite2, Gradle2]}}]}}, {jobId=69, jobTitle=Software Engineering Role, jobDescription=To develop andriod application, experience={experience=[Google, Apple, Mobile Iron]}, project={project=[{projectName=Movie App, technology={technology=[Kotlin, SQL Lite, Gradle]}}, {projectName=Movie App2, technology={technology=[Kotlin2, SQL Lite2, Gradle2]}}]}}, {jobId=7, jobTitle=Software Engineering Role, jobDescription=To develop andriod application, experience={experience=[Google, Apple, Mobile Iron]}, project={project=[{projectName=Movie App, technology={technology=[Kotlin, SQL Lite, Gradle]}}, {projectName=Movie App2, technology={technology=[Kotlin2, SQL Lite2, Gradle2]}}]}}, {jobId=91, jobTitle=Software Engineering, jobDescription=To develop andriod application, experience={experience=[Google, Apple, Mobile Iron]}, project={project={projectName=Movie App, technology={technology=[Kotlin, SQL Lite, Gradle]}}}}], expected: '&lt;item&gt;&lt;jobId&gt;1&lt;/jobId&gt;&lt;jobTitle&gt;Software Engg&lt;/jobTitle&gt;&lt;jobDescription&gt;To develop andriod application&lt;/jobDescription&gt;&lt;experience&gt;&lt;experience&gt;Google&lt;/experience&gt;&lt;experience&gt;Apple&lt;/experience&gt;&lt;experience&gt;Mobile Iron&lt;/experience&gt;&lt;/experience&gt;&lt;project&gt;&lt;project&gt;&lt;projectName&gt;Movie App&lt;/projectName&gt;&lt;technology&gt;&lt;technology&gt;Kotlin&lt;/technology&gt;&lt;technology&gt;SQL Lite&lt;/technology&gt;&lt;technology&gt;Gradle&lt;/technology&gt;&lt;/technology&gt;&lt;/project&gt;&lt;/project&gt;&lt;/item&gt;', reason: actual value is not map-like&#13;
	at ✽.And match response == (responseMatcher.feature:53)&#13;

Given url 'http://localhost:9897' ......................................... passed
Given path '/normal/webapi/all' ........................................... passed
And header Accept = 'application/json' .................................... passed
When method get ........................................................... passed
Then status 200 ........................................................... passed
And print response ........................................................ passed
And match response != ..................................................... passed
Given url 'http://localhost:9897' ......................................... passed
Given path '/normal/webapi/all' ........................................... passed
And header Accept = 'application/json' .................................... passed
When method get ........................................................... passed
Then status 200 ........................................................... passed
And print response ........................................................ passed
And match response contains deep {"jobDescription": "To develop andriod application"} . passed
And match response contains deep {"project": [{"projectName": "Movie App"}]} . passed</system-out>
  </testcase>
</testsuite>
