<testsuite failures="0" name="com/api/automation/getrequest/jsonPathExpression.feature" skipped="0" tests="1" time="0.693947">
  <testcase classname="com.api.automation.getrequest.jsonPathExpression" name="To get the data in JSON format with complete match validation on response" time="0.693947">
    <system-out>Given url 'http://localhost:9897' ......................................... passed
Given path '/normal/webapi/all' ........................................... passed
And header Accept = 'application/json' .................................... passed
When method get ........................................................... passed
Then status 200 ........................................................... passed
And def jobTitle = karate.jsonPath(response, "$[?(@.jobId==1)].jobTitle") . passed
And def jobDescription = karate.jsonPath(response, "$[?(@.jobId==1)].jobDescription") . passed
And def experience = karate.jsonPath(response, "$[?(@.jobId==1)].experience") . passed
And print "Job title is =&gt; ", jobTitle .................................... passed
And print "Job description is =&gt; ", jobDescription ........................ passed
And print "Experience is =&gt; ", experience ................................. passed</system-out>
  </testcase>
</testsuite>
