<testsuite failures="0" name="com/api/automation/postrequest/javaScriptExecutor.feature" skipped="0" tests="1" time="0.055213">
  <testcase classname="com.api.automation.postrequest.javaScriptExecutor" name="Execute JavaScript function with and without parameter" time="0.055213">
    <system-out>And def getIntValue = function() {return 10;} ............................. passed
Then print "Function value =&gt; ", getIntValue() ............................ passed
And def getRandomValue = function() {return Math.floor(100 * Math.random());} . passed
Then print "Function value =&gt; ", getRandomValue() ......................... passed
And def getStringValue = function(arg1) {return "Hello "+ arg1;} .......... passed
Then print "Function value =&gt; ", getStringValue("World") .................. passed</system-out>
  </testcase>
</testsuite>
