<testsuite failures="0" name="com/api/automation/tags/updateJobEntry.feature" skipped="0" tests="2" time="0.046424">
  <testcase classname="com.api.automation.tags.updateJobEntry" name="To update the job entry for existing job" time="0.02496">
    <system-out>Given url 'http://localhost:9897' ......................................... passed
Given path '/normal/webapi/add' ........................................... passed
And def getRandomNumber = function() {return Math.floor((100)*Math.random());} . passed
And def id = getRandomNumber() ............................................ passed
And request {"jobId":"#(id)","jobTitle":"Software Engg","jobDescription":"To develop andriod application","experience":["Google","Apple","Mobile Iron"],"project":[{"projectName":"Movie App","technology":["Kotlin","SQL Lite","Gradle"]}]} . passed
And headers {Accept : 'application/json', Content-Type : 'application/json'} . passed
When method post .......................................................... passed
And print response ........................................................ passed
Then status 201 ........................................................... passed
Given path 'normal/webapi/update' ......................................... passed
And request ............................................................... passed
And headers {Accept : 'application/json', Content-Type : 'application/json'} . passed
When method put ........................................................... passed
And print response ........................................................ passed
Then status 200 ........................................................... passed
And def updatedProjectArray = karate.jsonPath(response, "$[?(@.jobId == "+id+")].project") . passed
And print updatedProjectArray ............................................. passed
And match updatedProjectArray[0] == '#[2]' ................................ passed</system-out>
  </testcase>
  <testcase classname="com.api.automation.tags.updateJobEntry" name="To update the job entry for existing job" time="0.021463">
    <system-out>Given url 'http://localhost:9897' ......................................... passed
Given path '/normal/webapi/add' ........................................... passed
And def getRandomNumber = function() {return Math.floor((100)*Math.random());} . passed
And def id = getRandomNumber() ............................................ passed
And request {"jobId":"#(id)","jobTitle":"Software Engg","jobDescription":"To develop andriod application","experience":["Google","Apple","Mobile Iron"],"project":[{"projectName":"Movie App","technology":["Kotlin","SQL Lite","Gradle"]}]} . passed
And headers {Accept : 'application/json', Content-Type : 'application/json'} . passed
When method post .......................................................... passed
And print response ........................................................ passed
Then status 201 ........................................................... passed
Given path 'normal/webapi/update' ......................................... passed
And request ............................................................... passed
And headers {Accept : 'application/json', Content-Type : 'application/json'} . passed
When method put ........................................................... passed
And print response ........................................................ passed
Then status 200 ........................................................... passed
And def updatedProjectArray = karate.jsonPath(response, "$[?(@.jobId == "+id+")].project") . passed
And print updatedProjectArray ............................................. passed
And match updatedProjectArray[0] == '#[2]' ................................ passed
Given url 'http://localhost:9897' ......................................... passed
Given path '/normal/webapi/add' ........................................... passed
And def getRandomNumber = function() {return Math.floor((100)*Math.random());} . passed
And def id = getRandomNumber() ............................................ passed
And request {"jobId":"#(id)","jobTitle":"Software Engg","jobDescription":"To develop andriod application","experience":["Google","Apple","Mobile Iron"],"project":[{"projectName":"Movie App","technology":["Kotlin","SQL Lite","Gradle"]}]} . passed
And headers {Accept : 'application/json', Content-Type : 'application/json'} . passed
When method post .......................................................... passed
And print response ........................................................ passed
Then status 201 ........................................................... passed
Given path 'normal/webapi/update' ......................................... passed
And request ............................................................... passed
And headers {Accept : 'application/json', Content-Type : 'application/json'} . passed
When method put ........................................................... passed
And print response ........................................................ passed
Then status 200 ........................................................... passed</system-out>
  </testcase>
</testsuite>
